<?xml version="1.0" encoding="UTF-8"?>
<testng-results skipped="0" failed="0" ignored="0" total="1" passed="1">
  <reporter-output>
  </reporter-output>
  <suite name="Suite" duration-ms="10888" started-at="2018-03-25T04:38:26Z" finished-at="2018-03-25T04:38:37Z">
    <groups>
    </groups>
    <test name="Test" duration-ms="10888" started-at="2018-03-25T04:38:26Z" finished-at="2018-03-25T04:38:37Z">
      <class name="com.testing.Login">
        <test-method status="PASS" signature="HomePage()[pri:0, instance:com.testing.Login@482f8f11]" name="HomePage" duration-ms="10853" started-at="2018-03-25T10:08:26Z" finished-at="2018-03-25T10:08:37Z">
          <reporter-output>
          </reporter-output>
        </test-method> <!-- HomePage -->
      </class> <!-- com.testing.Login -->
    </test> <!-- Test -->
  </suite> <!-- Suite -->
</testng-results>
